<?xml version="1.0" encoding="UTF-8"?>
<!-- Generated by org.testng.reporters.JUnitXMLReporter -->
<testsuite ignored="0" hostname="Kapil-MSI" failures="1" tests="4" name="StandalonetestVerification" time="34.318" errors="0" timestamp="2024-08-31T19:31:04 IST">
  <testcase classname="AssurantExample.Test.Standalonetest" name="SubmitOrder" time="14.765"/>
  <testcase classname="AssurantExample.Test.Standalonetest" name="SubmitOrder" time="0.64">
    <skipped/>
  </testcase> <!-- SubmitOrder -->
  <testcase classname="AssurantExample.Test.Standalonetest" name="SubmitOrder" time="0.485">
    <failure type="java.lang.NullPointerException" message="Cannot invoke &amp;quot;org.openqa.selenium.WebElement.findElement(org.openqa.selenium.By)&amp;quot; because &amp;quot;prod&amp;quot; is null">
      <![CDATA[java.lang.NullPointerException: Cannot invoke "org.openqa.selenium.WebElement.findElement(org.openqa.selenium.By)" because "prod" is null
at AssurantExampleHelper.pageobjects.Productcatalogue.AddtoCart(Productcatalogue.java:49)
at AssurantExample.Test.Standalonetest.SubmitOrder(Standalonetest.java:35)
at java.base/java.util.ArrayList.forEach(ArrayList.java:1596)
... Removed 29 stack frames]]>
    </failure>
  </testcase> <!-- SubmitOrder -->
  <testcase classname="AssurantExample.Test.Standalonetest" name="OrderHistoryTest" time="0.735"/>
</testsuite> <!-- StandalonetestVerification -->
